<html>
<head>
<title>TestNG:  Test</title>
<link href="../testng.css" rel="stylesheet" type="text/css" />
<link href="../my-testng.css" rel="stylesheet" type="text/css" />

<style type="text/css">
.log { display: none;} 
.stack-trace { display: none;} 
</style>
<script type="text/javascript">
<!--
function flip(e) {
  current = e.style.display;
  if (current == 'block') {
    e.style.display = 'none';
    return 0;
  }
  else {
    e.style.display = 'block';
    return 1;
  }
}

function toggleBox(szDivId, elem, msg1, msg2)
{
  var res = -1;  if (document.getElementById) {
    res = flip(document.getElementById(szDivId));
  }
  else if (document.all) {
    // this is the way old msie versions work
    res = flip(document.all[szDivId]);
  }
  if(elem) {
    if(res == 0) elem.innerHTML = msg1; else elem.innerHTML = msg2;
  }

}

function toggleAllBoxes() {
  if (document.getElementsByTagName) {
    d = document.getElementsByTagName('div');
    for (i = 0; i < d.length; i++) {
      if (d[i].className == 'log') {
        flip(d[i]);
      }
    }
  }
}

// -->
</script>

</head>
<body>
<h2 align='center'>Test</h2><table border='1' align="center">
<tr>
<td>Tests passed/Failed/Skipped:</td><td>16/1/0</td>
</tr><tr>
<td>Started on:</td><td>Sun Mar 10 21:20:17 IST 2024</td>
</tr>
<tr><td>Total time:</td><td>86 seconds (86142 ms)</td>
</tr><tr>
<td>Included groups:</td><td>regression smoke </td>
</tr><tr>
<td>Excluded groups:</td><td></td>
</tr>
</table><p/>
<small><i>(Hover the method name to see the test class name)</i></small><p/>
<table width='100%' border='1' class='invocation-failed'>
<tr><td colspan='4' align='center'><b>FAILED TESTS</b></td></tr>
<tr><td><b>Test method</b></td>
<td><b>Attribute(s)</b></td>
<td width="30%"><b>Exception</b></td>
<td width="10%"><b>Time (seconds)</b></td>
<td><b>Instance</b></td>
</tr>
<tr>
<td title='TestCases.TestCase1.ZigWheelsCapturerror()'><b>ZigWheelsCapturerror</b><br>Test class: TestCases.TestCase1</td>
<td><div><pre>org.openqa.selenium.NoSuchElementException: Unable to find element with locator By.xpath: //*[text()=&apos;Couldn’t find your Google Account&apos;]
For documentation on this error, please visit: https://www.selenium.dev/documentation/webdriver/troubleshooting/errors#no-such-element-exception
Build info: version: &apos;4.15.0&apos;, revision: &apos;1d14b5521b&apos;
System info: os.name: &apos;Windows 11&apos;, os.arch: &apos;amd64&apos;, os.version: &apos;10.0&apos;, java.version: &apos;17.0.2&apos;
Driver info: driver.version: RemoteWebDriver
	at org.openqa.selenium.remote.ElementLocation$ElementFinder$2.findElement(ElementLocation.java:168)
	at org.openqa.selenium.remote.ElementLocation.findElement(ElementLocation.java:59)
	at org.openqa.selenium.remote.RemoteWebDriver.findElement(RemoteWebDriver.java:364)
	at org.openqa.selenium.remote.RemoteWebDriver.findElement(RemoteWebDriver.java:358)
	at org.openqa.selenium.support.pagefactory.DefaultElementLocator.findElement(DefaultElementLocator.java:68)
	at org.openqa.selenium.support.pagefactory.internal.LocatingElementHandler.invoke(LocatingElementHandler.java:38)
	at jdk.proxy2/jdk.proxy2.$Proxy46.getText(Unknown Source)
	at PageObjectModel.Login.Capturerror(Login.java:89)
	at TestCases.TestCase1.ZigWheelsCapturerror(TestCase1.java:201)
	at java.base/java.util.ArrayList.forEach(ArrayList.java:1511)
... Removed 31 stack frames</pre></div><a href='#' onClick='toggleBox("stack-trace630669831", this, "Click to show all stack frames", "Click to hide stack frames")'>Click to show all stack frames</a>
<div class='stack-trace' id='stack-trace630669831'><pre>org.openqa.selenium.NoSuchElementException: Unable to find element with locator By.xpath: //*[text()=&apos;Couldn’t find your Google Account&apos;]
For documentation on this error, please visit: https://www.selenium.dev/documentation/webdriver/troubleshooting/errors#no-such-element-exception
Build info: version: &apos;4.15.0&apos;, revision: &apos;1d14b5521b&apos;
System info: os.name: &apos;Windows 11&apos;, os.arch: &apos;amd64&apos;, os.version: &apos;10.0&apos;, java.version: &apos;17.0.2&apos;
Driver info: driver.version: RemoteWebDriver
	at org.openqa.selenium.remote.ElementLocation$ElementFinder$2.findElement(ElementLocation.java:168)
	at org.openqa.selenium.remote.ElementLocation.findElement(ElementLocation.java:59)
	at org.openqa.selenium.remote.RemoteWebDriver.findElement(RemoteWebDriver.java:364)
	at org.openqa.selenium.remote.RemoteWebDriver.findElement(RemoteWebDriver.java:358)
	at org.openqa.selenium.support.pagefactory.DefaultElementLocator.findElement(DefaultElementLocator.java:68)
	at org.openqa.selenium.support.pagefactory.internal.LocatingElementHandler.invoke(LocatingElementHandler.java:38)
	at jdk.proxy2/jdk.proxy2.$Proxy46.getText(Unknown Source)
	at PageObjectModel.Login.Capturerror(Login.java:89)
	at TestCases.TestCase1.ZigWheelsCapturerror(TestCase1.java:201)
	at java.base/jdk.internal.reflect.NativeMethodAccessorImpl.invoke0(Native Method)
	at java.base/jdk.internal.reflect.NativeMethodAccessorImpl.invoke(NativeMethodAccessorImpl.java:77)
	at java.base/jdk.internal.reflect.DelegatingMethodAccessorImpl.invoke(DelegatingMethodAccessorImpl.java:43)
	at java.base/java.lang.reflect.Method.invoke(Method.java:568)
	at org.testng.internal.invokers.MethodInvocationHelper.invokeMethod(MethodInvocationHelper.java:139)
	at org.testng.internal.invokers.TestInvoker.invokeMethod(TestInvoker.java:664)
	at org.testng.internal.invokers.TestInvoker.invokeTestMethod(TestInvoker.java:228)
	at org.testng.internal.invokers.MethodRunner.runInSequence(MethodRunner.java:63)
	at org.testng.internal.invokers.TestInvoker$MethodInvocationAgent.invoke(TestInvoker.java:961)
	at org.testng.internal.invokers.TestInvoker.invokeTestMethods(TestInvoker.java:201)
	at org.testng.internal.invokers.TestMethodWorker.invokeTestMethods(TestMethodWorker.java:148)
	at org.testng.internal.invokers.TestMethodWorker.run(TestMethodWorker.java:128)
	at java.base/java.util.ArrayList.forEach(ArrayList.java:1511)
	at org.testng.TestRunner.privateRun(TestRunner.java:819)
	at org.testng.TestRunner.run(TestRunner.java:619)
	at org.testng.SuiteRunner.runTest(SuiteRunner.java:443)
	at org.testng.SuiteRunner.runSequentially(SuiteRunner.java:437)
	at org.testng.SuiteRunner.privateRun(SuiteRunner.java:397)
	at org.testng.SuiteRunner.run(SuiteRunner.java:336)
	at org.testng.SuiteRunnerWorker.runSuite(SuiteRunnerWorker.java:52)
	at org.testng.SuiteRunnerWorker.run(SuiteRunnerWorker.java:95)
	at org.testng.TestNG.runSuitesSequentially(TestNG.java:1301)
	at org.testng.TestNG.runSuitesLocally(TestNG.java:1228)
	at org.testng.TestNG.runSuites(TestNG.java:1134)
	at org.testng.TestNG.run(TestNG.java:1101)
	at org.apache.maven.surefire.testng.TestNGExecutor.run(TestNGExecutor.java:308)
	at org.apache.maven.surefire.testng.TestNGXmlTestSuite.execute(TestNGXmlTestSuite.java:71)
	at org.apache.maven.surefire.testng.TestNGProvider.invoke(TestNGProvider.java:113)
	at org.apache.maven.surefire.booter.ForkedBooter.runSuitesInProcess(ForkedBooter.java:385)
	at org.apache.maven.surefire.booter.ForkedBooter.execute(ForkedBooter.java:162)
	at org.apache.maven.surefire.booter.ForkedBooter.run(ForkedBooter.java:507)
	at org.apache.maven.surefire.booter.ForkedBooter.main(ForkedBooter.java:495)
</pre></div></td>
<td>21</td>
<td>TestCases.TestCase1@74f0ea28</td></tr>
</table><p>
<table width='100%' border='1' class='invocation-passed'>
<tr><td colspan='4' align='center'><b>PASSED TESTS</b></td></tr>
<tr><td><b>Test method</b></td>
<td><b>Attribute(s)</b></td>
<td width="30%"><b>Exception</b></td>
<td width="10%"><b>Time (seconds)</b></td>
<td><b>Instance</b></td>
</tr>
<tr>
<td title='TestCases.TestCase1.ZigWheelsReadMore()'><b>ZigWheelsReadMore</b><br>Test class: TestCases.TestCase1</td>
<td></td>
<td>1</td>
<td>TestCases.TestCase1@74f0ea28</td></tr>
<tr>
<td title='TestCases.TestCase1.ZigWheelsUpcoming()'><b>ZigWheelsUpcoming</b><br>Test class: TestCases.TestCase1</td>
<td></td>
<td>1</td>
<td>TestCases.TestCase1@74f0ea28</td></tr>
<tr>
<td title='TestCases.TestCase1.ZigWheelsNewBikes()'><b>ZigWheelsNewBikes</b><br>Test class: TestCases.TestCase1</td>
<td></td>
<td>3</td>
<td>TestCases.TestCase1@74f0ea28</td></tr>
<tr>
<td title='TestCases.TestCase1.ZigWheelsScrollDown1()'><b>ZigWheelsScrollDown1</b><br>Test class: TestCases.TestCase1</td>
<td></td>
<td>0</td>
<td>TestCases.TestCase1@74f0ea28</td></tr>
<tr>
<td title='TestCases.TestCase1.ZigWheels()'><b>ZigWheels</b><br>Test class: TestCases.TestCase1</td>
<td></td>
<td>1</td>
<td>TestCases.TestCase1@74f0ea28</td></tr>
<tr>
<td title='TestCases.TestCase1.ZigWheelsClickOnGoogle()'><b>ZigWheelsClickOnGoogle</b><br>Test class: TestCases.TestCase1</td>
<td></td>
<td>0</td>
<td>TestCases.TestCase1@74f0ea28</td></tr>
<tr>
<td title='TestCases.TestCase1.ZigWheelsHome()'><b>ZigWheelsHome</b><br>Test class: TestCases.TestCase1</td>
<td></td>
<td>2</td>
<td>TestCases.TestCase1@74f0ea28</td></tr>
<tr>
<td title='TestCases.TestCase1.ZigWheelsUsedCars()'><b>ZigWheelsUsedCars</b><br>Test class: TestCases.TestCase1</td>
<td></td>
<td>0</td>
<td>TestCases.TestCase1@74f0ea28</td></tr>
<tr>
<td title='TestCases.TestCase1.ZigWheelsChennai()'><b>ZigWheelsChennai</b><br>Test class: TestCases.TestCase1</td>
<td></td>
<td>4</td>
<td>TestCases.TestCase1@74f0ea28</td></tr>
<tr>
<td title='TestCases.TestCase1.ZigWheelsHandleWindow()'><b>ZigWheelsHandleWindow</b><br>Test class: TestCases.TestCase1</td>
<td></td>
<td>0</td>
<td>TestCases.TestCase1@74f0ea28</td></tr>
<tr>
<td title='TestCases.TestCase1.ZigWheelsClickNext()'><b>ZigWheelsClickNext</b><br>Test class: TestCases.TestCase1</td>
<td></td>
<td>1</td>
<td>TestCases.TestCase1@74f0ea28</td></tr>
<tr>
<td title='TestCases.TestCase1.ZigWheelsClickOnLogin()'><b>ZigWheelsClickOnLogin</b><br>Test class: TestCases.TestCase1</td>
<td></td>
<td>1</td>
<td>TestCases.TestCase1@74f0ea28</td></tr>
<tr>
<td title='TestCases.TestCase1.ZigWheelsLessThan4Lakhs()'><b>ZigWheelsLessThan4Lakhs</b><br>Test class: TestCases.TestCase1</td>
<td></td>
<td>4</td>
<td>TestCases.TestCase1@74f0ea28</td></tr>
<tr>
<td title='TestCases.TestCase1.ZigWheelssetEmail()'><b>ZigWheelssetEmail</b><br>Test class: TestCases.TestCase1</td>
<td></td>
<td>0</td>
<td>TestCases.TestCase1@74f0ea28</td></tr>
<tr>
<td title='TestCases.TestCase1.ZigWheelsScrollDown()'><b>ZigWheelsScrollDown</b><br>Test class: TestCases.TestCase1</td>
<td></td>
<td>0</td>
<td>TestCases.TestCase1@74f0ea28</td></tr>
<tr>
<td title='TestCases.TestCase1.ZigWheelsLogin()'><b>ZigWheelsLogin</b><br>Test class: TestCases.TestCase1</td>
<td></td>
<td>1</td>
<td>TestCases.TestCase1@74f0ea28</td></tr>
</table><p>
</body>
</html>