<?xml version="1.0" encoding="UTF-8"?>
<!-- Generated by org.testng.reporters.JUnitXMLReporter -->
<testsuite ignored="0" hostname="LTIN187874" failures="1" tests="17" name="Test" time="86.142" errors="0" timestamp="2024-03-10T21:21:44 IST">
  <testcase classname="TestCases.TestCase1" name="ZigWheelsHome" time="2.463"/>
  <testcase classname="TestCases.TestCase1" name="ZigWheelsUpcoming" time="1.751"/>
  <testcase classname="TestCases.TestCase1" name="ZigWheelsNewBikes" time="3.378"/>
  <testcase classname="TestCases.TestCase1" name="ZigWheelsReadMore" time="1.513"/>
  <testcase classname="TestCases.TestCase1" name="ZigWheelsScrollDown1" time="0.057"/>
  <testcase classname="TestCases.TestCase1" name="ZigWheelsLessThan4Lakhs" time="4.083"/>
  <testcase classname="TestCases.TestCase1" name="ZigWheels" time="1.729"/>
  <testcase classname="TestCases.TestCase1" name="ZigWheelsUsedCars" time="0.892"/>
  <testcase classname="TestCases.TestCase1" name="ZigWheelsChennai" time="4.77"/>
  <testcase classname="TestCases.TestCase1" name="ZigWheelsScrollDown" time="0.446"/>
  <testcase classname="TestCases.TestCase1" name="ZigWheelsLogin" time="1.887"/>
  <testcase classname="TestCases.TestCase1" name="ZigWheelsClickOnLogin" time="1.52"/>
  <testcase classname="TestCases.TestCase1" name="ZigWheelsClickOnGoogle" time="0.748"/>
  <testcase classname="TestCases.TestCase1" name="ZigWheelsHandleWindow" time="0.138"/>
  <testcase classname="TestCases.TestCase1" name="ZigWheelssetEmail" time="0.645"/>
  <testcase classname="TestCases.TestCase1" name="ZigWheelsClickNext" time="1.045"/>
  <testcase classname="TestCases.TestCase1" name="ZigWheelsCapturerror" time="21.997">
    <failure type="org.openqa.selenium.NoSuchElementException" message="Unable to find element with locator By.xpath: //*[text()=&amp;apos;Couldn’t find your Google Account&amp;apos;]
For documentation on this error, please visit: https://www.selenium.dev/documentation/webdriver/troubleshooting/errors#no-such-element-exception
Build info: version: &amp;apos;4.15.0&amp;apos;, revision: &amp;apos;1d14b5521b&amp;apos;
System info: os.name: &amp;apos;Windows 11&amp;apos;, os.arch: &amp;apos;amd64&amp;apos;, os.version: &amp;apos;10.0&amp;apos;, java.version: &amp;apos;17.0.2&amp;apos;
Driver info: driver.version: RemoteWebDriver">
      <![CDATA[org.openqa.selenium.NoSuchElementException: Unable to find element with locator By.xpath: //*[text()='Couldn’t find your Google Account']
For documentation on this error, please visit: https://www.selenium.dev/documentation/webdriver/troubleshooting/errors#no-such-element-exception
Build info: version: '4.15.0', revision: '1d14b5521b'
System info: os.name: 'Windows 11', os.arch: 'amd64', os.version: '10.0', java.version: '17.0.2'
Driver info: driver.version: RemoteWebDriver
at org.openqa.selenium.remote.ElementLocation$ElementFinder$2.findElement(ElementLocation.java:168)
at org.openqa.selenium.remote.ElementLocation.findElement(ElementLocation.java:59)
at org.openqa.selenium.remote.RemoteWebDriver.findElement(RemoteWebDriver.java:364)
at org.openqa.selenium.remote.RemoteWebDriver.findElement(RemoteWebDriver.java:358)
at org.openqa.selenium.support.pagefactory.DefaultElementLocator.findElement(DefaultElementLocator.java:68)
at org.openqa.selenium.support.pagefactory.internal.LocatingElementHandler.invoke(LocatingElementHandler.java:38)
at jdk.proxy2/jdk.proxy2.$Proxy46.getText(Unknown Source)
at PageObjectModel.Login.Capturerror(Login.java:89)
at TestCases.TestCase1.ZigWheelsCapturerror(TestCase1.java:201)
at java.base/java.util.ArrayList.forEach(ArrayList.java:1511)
... Removed 31 stack frames]]>
    </failure>
  </testcase> <!-- ZigWheelsCapturerror -->
</testsuite> <!-- Test -->
