<?xml version="1.0" encoding="UTF-8"?>
<!-- Generated by org.testng.reporters.JUnitReportReporter -->
<testsuite hostname="LTIN187874" failures="0" tests="17" name="TestCases.TestCase1" time="49.062" errors="1" timestamp="2024-03-10T21:21:44 IST" skipped="0">
  <testcase classname="TestCases.TestCase1" name="ZigWheelsHome" time="2.463"/>
  <testcase classname="TestCases.TestCase1" name="ZigWheelsUpcoming" time="1.751"/>
  <testcase classname="TestCases.TestCase1" name="ZigWheelsNewBikes" time="3.378"/>
  <testcase classname="TestCases.TestCase1" name="ZigWheelsReadMore" time="1.513"/>
  <testcase classname="TestCases.TestCase1" name="ZigWheelsScrollDown1" time="0.057"/>
  <testcase classname="TestCases.TestCase1" name="ZigWheelsLessThan4Lakhs" time="4.083"/>
  <testcase classname="TestCases.TestCase1" name="ZigWheels" time="1.729"/>
  <testcase classname="TestCases.TestCase1" name="ZigWheelsUsedCars" time="0.892"/>
  <testcase classname="TestCases.TestCase1" name="ZigWheelsChennai" time="4.770"/>
  <testcase classname="TestCases.TestCase1" name="ZigWheelsScrollDown" time="0.446"/>
  <testcase classname="TestCases.TestCase1" name="ZigWheelsLogin" time="1.887"/>
  <testcase classname="TestCases.TestCase1" name="ZigWheelsClickOnLogin" time="1.520"/>
  <testcase classname="TestCases.TestCase1" name="ZigWheelsClickOnGoogle" time="0.748"/>
  <testcase classname="TestCases.TestCase1" name="ZigWheelsHandleWindow" time="0.138"/>
  <testcase classname="TestCases.TestCase1" name="ZigWheelssetEmail" time="0.645"/>
  <testcase classname="TestCases.TestCase1" name="ZigWheelsClickNext" time="1.045"/>
  <testcase classname="TestCases.TestCase1" name="ZigWheelsCapturerror" time="21.997">
    <error message="Unable to find element with locator By.xpath: //*[text()=&#039;Couldn’t find your Google Account&#039;]
For documentation on this error, please visit: https://www.selenium.dev/documentation/webdriver/troubleshooting/errors#no-such-element-exception
Build info: version: &#039;4.15.0&#039;, revision: &#039;1d14b5521b&#039;
System info: os.name: &#039;Windows 11&#039;, os.arch: &#039;amd64&#039;, os.version: &#039;10.0&#039;, java.version: &#039;17.0.2&#039;
Driver info: driver.version: RemoteWebDriver" type="org.openqa.selenium.NoSuchElementException">
      <![CDATA[org.openqa.selenium.NoSuchElementException: Unable to find element with locator By.xpath: //*[text()='Couldn’t find your Google Account']
For documentation on this error, please visit: https://www.selenium.dev/documentation/webdriver/troubleshooting/errors#no-such-element-exception
Build info: version: '4.15.0', revision: '1d14b5521b'
System info: os.name: 'Windows 11', os.arch: 'amd64', os.version: '10.0', java.version: '17.0.2'
Driver info: driver.version: RemoteWebDriver
at org.openqa.selenium.remote.ElementLocation$ElementFinder$2.findElement(ElementLocation.java:168)
at org.openqa.selenium.remote.ElementLocation.findElement(ElementLocation.java:59)
at org.openqa.selenium.remote.RemoteWebDriver.findElement(RemoteWebDriver.java:364)
at org.openqa.selenium.remote.RemoteWebDriver.findElement(RemoteWebDriver.java:358)
at org.openqa.selenium.support.pagefactory.DefaultElementLocator.findElement(DefaultElementLocator.java:68)
at org.openqa.selenium.support.pagefactory.internal.LocatingElementHandler.invoke(LocatingElementHandler.java:38)
at jdk.proxy2/jdk.proxy2.$Proxy46.getText(Unknown Source)
at PageObjectModel.Login.Capturerror(Login.java:89)
at TestCases.TestCase1.ZigWheelsCapturerror(TestCase1.java:201)
at java.base/jdk.internal.reflect.NativeMethodAccessorImpl.invoke0(Native Method)
at java.base/jdk.internal.reflect.NativeMethodAccessorImpl.invoke(NativeMethodAccessorImpl.java:77)
at java.base/jdk.internal.reflect.DelegatingMethodAccessorImpl.invoke(DelegatingMethodAccessorImpl.java:43)
at java.base/java.lang.reflect.Method.invoke(Method.java:568)
at org.testng.internal.invokers.MethodInvocationHelper.invokeMethod(MethodInvocationHelper.java:139)
at org.testng.internal.invokers.TestInvoker.invokeMethod(TestInvoker.java:664)
at org.testng.internal.invokers.TestInvoker.invokeTestMethod(TestInvoker.java:228)
at org.testng.internal.invokers.MethodRunner.runInSequence(MethodRunner.java:63)
at org.testng.internal.invokers.TestInvoker$MethodInvocationAgent.invoke(TestInvoker.java:961)
at org.testng.internal.invokers.TestInvoker.invokeTestMethods(TestInvoker.java:201)
at org.testng.internal.invokers.TestMethodWorker.invokeTestMethods(TestMethodWorker.java:148)
at org.testng.internal.invokers.TestMethodWorker.run(TestMethodWorker.java:128)
at java.base/java.util.ArrayList.forEach(ArrayList.java:1511)
at org.testng.TestRunner.privateRun(TestRunner.java:819)
at org.testng.TestRunner.run(TestRunner.java:619)
at org.testng.SuiteRunner.runTest(SuiteRunner.java:443)
at org.testng.SuiteRunner.runSequentially(SuiteRunner.java:437)
at org.testng.SuiteRunner.privateRun(SuiteRunner.java:397)
at org.testng.SuiteRunner.run(SuiteRunner.java:336)
at org.testng.SuiteRunnerWorker.runSuite(SuiteRunnerWorker.java:52)
at org.testng.SuiteRunnerWorker.run(SuiteRunnerWorker.java:95)
at org.testng.TestNG.runSuitesSequentially(TestNG.java:1301)
at org.testng.TestNG.runSuitesLocally(TestNG.java:1228)
at org.testng.TestNG.runSuites(TestNG.java:1134)
at org.testng.TestNG.run(TestNG.java:1101)
at org.apache.maven.surefire.testng.TestNGExecutor.run(TestNGExecutor.java:308)
at org.apache.maven.surefire.testng.TestNGXmlTestSuite.execute(TestNGXmlTestSuite.java:71)
at org.apache.maven.surefire.testng.TestNGProvider.invoke(TestNGProvider.java:113)
at org.apache.maven.surefire.booter.ForkedBooter.runSuitesInProcess(ForkedBooter.java:385)
at org.apache.maven.surefire.booter.ForkedBooter.execute(ForkedBooter.java:162)
at org.apache.maven.surefire.booter.ForkedBooter.run(ForkedBooter.java:507)
at org.apache.maven.surefire.booter.ForkedBooter.main(ForkedBooter.java:495)
]]>
    </error>
  </testcase> <!-- ZigWheelsCapturerror -->
</testsuite> <!-- TestCases.TestCase1 -->
